INFO - 2025-01-02 22:18:19 --> Session: Class initialized using 'CodeIgniter\Session\Handlers\FileHandler' driver.
INFO - 2025-01-02 22:18:25 --> Session: Class initialized using 'CodeIgniter\Session\Handlers\FileHandler' driver.
INFO - 2025-01-02 22:18:32 --> Session: Class initialized using 'CodeIgniter\Session\Handlers\FileHandler' driver.
INFO - 2025-01-02 22:18:33 --> Session: Class initialized using 'CodeIgniter\Session\Handlers\FileHandler' driver.
INFO - 2025-01-02 22:18:40 --> Session: Class initialized using 'CodeIgniter\Session\Handlers\FileHandler' driver.
INFO - 2025-01-02 22:18:41 --> Session: Class initialized using 'CodeIgniter\Session\Handlers\FileHandler' driver.
ERROR - 2025-01-02 22:19:07 --> mysqli_sql_exception: Index for table 'comptes' is corrupt; try to repair it in C:\xampp\htdocs\Gestion_Exams\system\Database\MySQLi\Connection.php:312
Stack trace:
#0 C:\xampp\htdocs\Gestion_Exams\system\Database\MySQLi\Connection.php(312): mysqli->query('SELECT 1\nFROM `...', 0)
#1 C:\xampp\htdocs\Gestion_Exams\system\Database\BaseConnection.php(734): CodeIgniter\Database\MySQLi\Connection->execute('SELECT 1\nFROM `...')
#2 C:\xampp\htdocs\Gestion_Exams\system\Database\BaseConnection.php(648): CodeIgniter\Database\BaseConnection->simpleQuery('SELECT 1\nFROM `...')
#3 C:\xampp\htdocs\Gestion_Exams\system\Database\BaseBuilder.php(1644): CodeIgniter\Database\BaseConnection->query('SELECT 1\nFROM `...', Array, false)
#4 C:\xampp\htdocs\Gestion_Exams\system\Validation\StrictRules\Rules.php(232): CodeIgniter\Database\BaseBuilder->get()
#5 C:\xampp\htdocs\Gestion_Exams\system\Validation\Validation.php(339): CodeIgniter\Validation\StrictRules\Rules->is_unique('test@gmail.com', 'email', Array, NULL, 'email')
#6 C:\xampp\htdocs\Gestion_Exams\system\Validation\Validation.php(204): CodeIgniter\Validation\Validation->processRules('email', 'email', 'test@gmail.com', Array, Array, 'email')
#7 C:\xampp\htdocs\Gestion_Exams\app\Controllers\registerController.php(30): CodeIgniter\Validation\Validation->run()
#8 C:\xampp\htdocs\Gestion_Exams\system\CodeIgniter.php(933): App\Controllers\RegisterController->store()
#9 C:\xampp\htdocs\Gestion_Exams\system\CodeIgniter.php(509): CodeIgniter\CodeIgniter->runController(Object(App\Controllers\RegisterController))
#10 C:\xampp\htdocs\Gestion_Exams\system\CodeIgniter.php(355): CodeIgniter\CodeIgniter->handleRequest(NULL, Object(Config\Cache), false)
#11 C:\xampp\htdocs\Gestion_Exams\system\Boot.php(325): CodeIgniter\CodeIgniter->run()
#12 C:\xampp\htdocs\Gestion_Exams\system\Boot.php(67): CodeIgniter\Boot::runCodeIgniter(Object(CodeIgniter\CodeIgniter))
#13 C:\xampp\htdocs\Gestion_Exams\public\index.php(58): CodeIgniter\Boot::bootWeb(Object(Config\Paths))
#14 {main}
CRITICAL - 2025-01-02 22:19:08 --> CodeIgniter\Database\Exceptions\DatabaseException: Index for table 'comptes' is corrupt; try to repair it
[Method: POST, Route: register/store]
in SYSTEMPATH\Database\BaseConnection.php on line 688.
 1 SYSTEMPATH\Database\BaseBuilder.php(1644): CodeIgniter\Database\BaseConnection->query('SELECT 1
FROM `comptes`
WHERE `email` = :email:
 LIMIT 1', [...], false)
 2 SYSTEMPATH\Validation\StrictRules\Rules.php(232): CodeIgniter\Database\BaseBuilder->get()
 3 SYSTEMPATH\Validation\Validation.php(339): CodeIgniter\Validation\StrictRules\Rules->is_unique('test@gmail.com', 'email', [...], null, 'email')
 4 SYSTEMPATH\Validation\Validation.php(204): CodeIgniter\Validation\Validation->processRules('email', 'email', 'test@gmail.com', [...], [...], 'email')
 5 APPPATH\Controllers\registerController.php(30): CodeIgniter\Validation\Validation->run()
 6 SYSTEMPATH\CodeIgniter.php(933): App\Controllers\RegisterController->store()
 7 SYSTEMPATH\CodeIgniter.php(509): CodeIgniter\CodeIgniter->runController(Object(App\Controllers\RegisterController))
 8 SYSTEMPATH\CodeIgniter.php(355): CodeIgniter\CodeIgniter->handleRequest(null, Object(Config\Cache), false)
 9 SYSTEMPATH\Boot.php(325): CodeIgniter\CodeIgniter->run()
10 SYSTEMPATH\Boot.php(67): CodeIgniter\Boot::runCodeIgniter(Object(CodeIgniter\CodeIgniter))
11 FCPATH\index.php(58): CodeIgniter\Boot::bootWeb(Object(Config\Paths))
CRITICAL - 2025-01-02 22:19:08 --> [Caused by] CodeIgniter\Database\Exceptions\DatabaseException: Index for table 'comptes' is corrupt; try to repair it
in SYSTEMPATH\Database\MySQLi\Connection.php on line 317.
 1 SYSTEMPATH\Database\BaseConnection.php(734): CodeIgniter\Database\MySQLi\Connection->execute('SELECT 1
FROM `comptes`
WHERE `email` = \'test@gmail.com\'
 LIMIT 1')
 2 SYSTEMPATH\Database\BaseConnection.php(648): CodeIgniter\Database\BaseConnection->simpleQuery('SELECT 1
FROM `comptes`
WHERE `email` = \'test@gmail.com\'
 LIMIT 1')
 3 SYSTEMPATH\Database\BaseBuilder.php(1644): CodeIgniter\Database\BaseConnection->query('SELECT 1
FROM `comptes`
WHERE `email` = :email:
 LIMIT 1', [...], false)
 4 SYSTEMPATH\Validation\StrictRules\Rules.php(232): CodeIgniter\Database\BaseBuilder->get()
 5 SYSTEMPATH\Validation\Validation.php(339): CodeIgniter\Validation\StrictRules\Rules->is_unique('test@gmail.com', 'email', [...], null, 'email')
 6 SYSTEMPATH\Validation\Validation.php(204): CodeIgniter\Validation\Validation->processRules('email', 'email', 'test@gmail.com', [...], [...], 'email')
 7 APPPATH\Controllers\registerController.php(30): CodeIgniter\Validation\Validation->run()
 8 SYSTEMPATH\CodeIgniter.php(933): App\Controllers\RegisterController->store()
 9 SYSTEMPATH\CodeIgniter.php(509): CodeIgniter\CodeIgniter->runController(Object(App\Controllers\RegisterController))
10 SYSTEMPATH\CodeIgniter.php(355): CodeIgniter\CodeIgniter->handleRequest(null, Object(Config\Cache), false)
11 SYSTEMPATH\Boot.php(325): CodeIgniter\CodeIgniter->run()
12 SYSTEMPATH\Boot.php(67): CodeIgniter\Boot::runCodeIgniter(Object(CodeIgniter\CodeIgniter))
13 FCPATH\index.php(58): CodeIgniter\Boot::bootWeb(Object(Config\Paths))
CRITICAL - 2025-01-02 22:19:08 --> [Caused by] mysqli_sql_exception: Index for table 'comptes' is corrupt; try to repair it
in SYSTEMPATH\Database\MySQLi\Connection.php on line 312.
 1 SYSTEMPATH\Database\MySQLi\Connection.php(312): mysqli->query('SELECT 1
FROM `comptes`
WHERE `email` = \'test@gmail.com\'
 LIMIT 1', 0)
 2 SYSTEMPATH\Database\BaseConnection.php(734): CodeIgniter\Database\MySQLi\Connection->execute('SELECT 1
FROM `comptes`
WHERE `email` = \'test@gmail.com\'
 LIMIT 1')
 3 SYSTEMPATH\Database\BaseConnection.php(648): CodeIgniter\Database\BaseConnection->simpleQuery('SELECT 1
FROM `comptes`
WHERE `email` = \'test@gmail.com\'
 LIMIT 1')
 4 SYSTEMPATH\Database\BaseBuilder.php(1644): CodeIgniter\Database\BaseConnection->query('SELECT 1
FROM `comptes`
WHERE `email` = :email:
 LIMIT 1', [...], false)
 5 SYSTEMPATH\Validation\StrictRules\Rules.php(232): CodeIgniter\Database\BaseBuilder->get()
 6 SYSTEMPATH\Validation\Validation.php(339): CodeIgniter\Validation\StrictRules\Rules->is_unique('test@gmail.com', 'email', [...], null, 'email')
 7 SYSTEMPATH\Validation\Validation.php(204): CodeIgniter\Validation\Validation->processRules('email', 'email', 'test@gmail.com', [...], [...], 'email')
 8 APPPATH\Controllers\registerController.php(30): CodeIgniter\Validation\Validation->run()
 9 SYSTEMPATH\CodeIgniter.php(933): App\Controllers\RegisterController->store()
10 SYSTEMPATH\CodeIgniter.php(509): CodeIgniter\CodeIgniter->runController(Object(App\Controllers\RegisterController))
11 SYSTEMPATH\CodeIgniter.php(355): CodeIgniter\CodeIgniter->handleRequest(null, Object(Config\Cache), false)
12 SYSTEMPATH\Boot.php(325): CodeIgniter\CodeIgniter->run()
13 SYSTEMPATH\Boot.php(67): CodeIgniter\Boot::runCodeIgniter(Object(CodeIgniter\CodeIgniter))
14 FCPATH\index.php(58): CodeIgniter\Boot::bootWeb(Object(Config\Paths))
ERROR - 2025-01-02 22:21:29 --> mysqli_sql_exception: Index for table 'comptes' is corrupt; try to repair it in C:\xampp\htdocs\Gestion_Exams\system\Database\MySQLi\Connection.php:312
Stack trace:
#0 C:\xampp\htdocs\Gestion_Exams\system\Database\MySQLi\Connection.php(312): mysqli->query('SELECT 1\nFROM `...', 0)
#1 C:\xampp\htdocs\Gestion_Exams\system\Database\BaseConnection.php(734): CodeIgniter\Database\MySQLi\Connection->execute('SELECT 1\nFROM `...')
#2 C:\xampp\htdocs\Gestion_Exams\system\Database\BaseConnection.php(648): CodeIgniter\Database\BaseConnection->simpleQuery('SELECT 1\nFROM `...')
#3 C:\xampp\htdocs\Gestion_Exams\system\Database\BaseBuilder.php(1644): CodeIgniter\Database\BaseConnection->query('SELECT 1\nFROM `...', Array, false)
#4 C:\xampp\htdocs\Gestion_Exams\system\Validation\StrictRules\Rules.php(232): CodeIgniter\Database\BaseBuilder->get()
#5 C:\xampp\htdocs\Gestion_Exams\system\Validation\Validation.php(339): CodeIgniter\Validation\StrictRules\Rules->is_unique('test@gmail.com', 'email', Array, NULL, 'email')
#6 C:\xampp\htdocs\Gestion_Exams\system\Validation\Validation.php(204): CodeIgniter\Validation\Validation->processRules('email', 'email', 'test@gmail.com', Array, Array, 'email')
#7 C:\xampp\htdocs\Gestion_Exams\app\Controllers\registerController.php(30): CodeIgniter\Validation\Validation->run()
#8 C:\xampp\htdocs\Gestion_Exams\system\CodeIgniter.php(933): App\Controllers\RegisterController->store()
#9 C:\xampp\htdocs\Gestion_Exams\system\CodeIgniter.php(509): CodeIgniter\CodeIgniter->runController(Object(App\Controllers\RegisterController))
#10 C:\xampp\htdocs\Gestion_Exams\system\CodeIgniter.php(355): CodeIgniter\CodeIgniter->handleRequest(NULL, Object(Config\Cache), false)
#11 C:\xampp\htdocs\Gestion_Exams\system\Boot.php(325): CodeIgniter\CodeIgniter->run()
#12 C:\xampp\htdocs\Gestion_Exams\system\Boot.php(67): CodeIgniter\Boot::runCodeIgniter(Object(CodeIgniter\CodeIgniter))
#13 C:\xampp\htdocs\Gestion_Exams\public\index.php(58): CodeIgniter\Boot::bootWeb(Object(Config\Paths))
#14 {main}
CRITICAL - 2025-01-02 22:21:29 --> CodeIgniter\Database\Exceptions\DatabaseException: Index for table 'comptes' is corrupt; try to repair it
[Method: POST, Route: register/store]
in SYSTEMPATH\Database\BaseConnection.php on line 688.
 1 SYSTEMPATH\Database\BaseBuilder.php(1644): CodeIgniter\Database\BaseConnection->query('SELECT 1
FROM `comptes`
WHERE `email` = :email:
 LIMIT 1', [...], false)
 2 SYSTEMPATH\Validation\StrictRules\Rules.php(232): CodeIgniter\Database\BaseBuilder->get()
 3 SYSTEMPATH\Validation\Validation.php(339): CodeIgniter\Validation\StrictRules\Rules->is_unique('test@gmail.com', 'email', [...], null, 'email')
 4 SYSTEMPATH\Validation\Validation.php(204): CodeIgniter\Validation\Validation->processRules('email', 'email', 'test@gmail.com', [...], [...], 'email')
 5 APPPATH\Controllers\registerController.php(30): CodeIgniter\Validation\Validation->run()
 6 SYSTEMPATH\CodeIgniter.php(933): App\Controllers\RegisterController->store()
 7 SYSTEMPATH\CodeIgniter.php(509): CodeIgniter\CodeIgniter->runController(Object(App\Controllers\RegisterController))
 8 SYSTEMPATH\CodeIgniter.php(355): CodeIgniter\CodeIgniter->handleRequest(null, Object(Config\Cache), false)
 9 SYSTEMPATH\Boot.php(325): CodeIgniter\CodeIgniter->run()
10 SYSTEMPATH\Boot.php(67): CodeIgniter\Boot::runCodeIgniter(Object(CodeIgniter\CodeIgniter))
11 FCPATH\index.php(58): CodeIgniter\Boot::bootWeb(Object(Config\Paths))
CRITICAL - 2025-01-02 22:21:29 --> [Caused by] CodeIgniter\Database\Exceptions\DatabaseException: Index for table 'comptes' is corrupt; try to repair it
in SYSTEMPATH\Database\MySQLi\Connection.php on line 317.
 1 SYSTEMPATH\Database\BaseConnection.php(734): CodeIgniter\Database\MySQLi\Connection->execute('SELECT 1
FROM `comptes`
WHERE `email` = \'test@gmail.com\'
 LIMIT 1')
 2 SYSTEMPATH\Database\BaseConnection.php(648): CodeIgniter\Database\BaseConnection->simpleQuery('SELECT 1
FROM `comptes`
WHERE `email` = \'test@gmail.com\'
 LIMIT 1')
 3 SYSTEMPATH\Database\BaseBuilder.php(1644): CodeIgniter\Database\BaseConnection->query('SELECT 1
FROM `comptes`
WHERE `email` = :email:
 LIMIT 1', [...], false)
 4 SYSTEMPATH\Validation\StrictRules\Rules.php(232): CodeIgniter\Database\BaseBuilder->get()
 5 SYSTEMPATH\Validation\Validation.php(339): CodeIgniter\Validation\StrictRules\Rules->is_unique('test@gmail.com', 'email', [...], null, 'email')
 6 SYSTEMPATH\Validation\Validation.php(204): CodeIgniter\Validation\Validation->processRules('email', 'email', 'test@gmail.com', [...], [...], 'email')
 7 APPPATH\Controllers\registerController.php(30): CodeIgniter\Validation\Validation->run()
 8 SYSTEMPATH\CodeIgniter.php(933): App\Controllers\RegisterController->store()
 9 SYSTEMPATH\CodeIgniter.php(509): CodeIgniter\CodeIgniter->runController(Object(App\Controllers\RegisterController))
10 SYSTEMPATH\CodeIgniter.php(355): CodeIgniter\CodeIgniter->handleRequest(null, Object(Config\Cache), false)
11 SYSTEMPATH\Boot.php(325): CodeIgniter\CodeIgniter->run()
12 SYSTEMPATH\Boot.php(67): CodeIgniter\Boot::runCodeIgniter(Object(CodeIgniter\CodeIgniter))
13 FCPATH\index.php(58): CodeIgniter\Boot::bootWeb(Object(Config\Paths))
CRITICAL - 2025-01-02 22:21:29 --> [Caused by] mysqli_sql_exception: Index for table 'comptes' is corrupt; try to repair it
in SYSTEMPATH\Database\MySQLi\Connection.php on line 312.
 1 SYSTEMPATH\Database\MySQLi\Connection.php(312): mysqli->query('SELECT 1
FROM `comptes`
WHERE `email` = \'test@gmail.com\'
 LIMIT 1', 0)
 2 SYSTEMPATH\Database\BaseConnection.php(734): CodeIgniter\Database\MySQLi\Connection->execute('SELECT 1
FROM `comptes`
WHERE `email` = \'test@gmail.com\'
 LIMIT 1')
 3 SYSTEMPATH\Database\BaseConnection.php(648): CodeIgniter\Database\BaseConnection->simpleQuery('SELECT 1
FROM `comptes`
WHERE `email` = \'test@gmail.com\'
 LIMIT 1')
 4 SYSTEMPATH\Database\BaseBuilder.php(1644): CodeIgniter\Database\BaseConnection->query('SELECT 1
FROM `comptes`
WHERE `email` = :email:
 LIMIT 1', [...], false)
 5 SYSTEMPATH\Validation\StrictRules\Rules.php(232): CodeIgniter\Database\BaseBuilder->get()
 6 SYSTEMPATH\Validation\Validation.php(339): CodeIgniter\Validation\StrictRules\Rules->is_unique('test@gmail.com', 'email', [...], null, 'email')
 7 SYSTEMPATH\Validation\Validation.php(204): CodeIgniter\Validation\Validation->processRules('email', 'email', 'test@gmail.com', [...], [...], 'email')
 8 APPPATH\Controllers\registerController.php(30): CodeIgniter\Validation\Validation->run()
 9 SYSTEMPATH\CodeIgniter.php(933): App\Controllers\RegisterController->store()
10 SYSTEMPATH\CodeIgniter.php(509): CodeIgniter\CodeIgniter->runController(Object(App\Controllers\RegisterController))
11 SYSTEMPATH\CodeIgniter.php(355): CodeIgniter\CodeIgniter->handleRequest(null, Object(Config\Cache), false)
12 SYSTEMPATH\Boot.php(325): CodeIgniter\CodeIgniter->run()
13 SYSTEMPATH\Boot.php(67): CodeIgniter\Boot::runCodeIgniter(Object(CodeIgniter\CodeIgniter))
14 FCPATH\index.php(58): CodeIgniter\Boot::bootWeb(Object(Config\Paths))
ERROR - 2025-01-02 22:22:10 --> mysqli_sql_exception: Index for table 'comptes' is corrupt; try to repair it in C:\xampp\htdocs\Gestion_Exams\system\Database\MySQLi\Connection.php:312
Stack trace:
#0 C:\xampp\htdocs\Gestion_Exams\system\Database\MySQLi\Connection.php(312): mysqli->query('SELECT 1\nFROM `...', 0)
#1 C:\xampp\htdocs\Gestion_Exams\system\Database\BaseConnection.php(734): CodeIgniter\Database\MySQLi\Connection->execute('SELECT 1\nFROM `...')
#2 C:\xampp\htdocs\Gestion_Exams\system\Database\BaseConnection.php(648): CodeIgniter\Database\BaseConnection->simpleQuery('SELECT 1\nFROM `...')
#3 C:\xampp\htdocs\Gestion_Exams\system\Database\BaseBuilder.php(1644): CodeIgniter\Database\BaseConnection->query('SELECT 1\nFROM `...', Array, false)
#4 C:\xampp\htdocs\Gestion_Exams\system\Validation\StrictRules\Rules.php(232): CodeIgniter\Database\BaseBuilder->get()
#5 C:\xampp\htdocs\Gestion_Exams\system\Validation\Validation.php(339): CodeIgniter\Validation\StrictRules\Rules->is_unique('test@gmail.com', 'email', Array, NULL, 'email')
#6 C:\xampp\htdocs\Gestion_Exams\system\Validation\Validation.php(204): CodeIgniter\Validation\Validation->processRules('email', 'email', 'test@gmail.com', Array, Array, 'email')
#7 C:\xampp\htdocs\Gestion_Exams\app\Controllers\registerController.php(30): CodeIgniter\Validation\Validation->run()
#8 C:\xampp\htdocs\Gestion_Exams\system\CodeIgniter.php(933): App\Controllers\RegisterController->store()
#9 C:\xampp\htdocs\Gestion_Exams\system\CodeIgniter.php(509): CodeIgniter\CodeIgniter->runController(Object(App\Controllers\RegisterController))
#10 C:\xampp\htdocs\Gestion_Exams\system\CodeIgniter.php(355): CodeIgniter\CodeIgniter->handleRequest(NULL, Object(Config\Cache), false)
#11 C:\xampp\htdocs\Gestion_Exams\system\Boot.php(325): CodeIgniter\CodeIgniter->run()
#12 C:\xampp\htdocs\Gestion_Exams\system\Boot.php(67): CodeIgniter\Boot::runCodeIgniter(Object(CodeIgniter\CodeIgniter))
#13 C:\xampp\htdocs\Gestion_Exams\public\index.php(58): CodeIgniter\Boot::bootWeb(Object(Config\Paths))
#14 {main}
CRITICAL - 2025-01-02 22:22:10 --> CodeIgniter\Database\Exceptions\DatabaseException: Index for table 'comptes' is corrupt; try to repair it
[Method: POST, Route: register/store]
in SYSTEMPATH\Database\BaseConnection.php on line 688.
 1 SYSTEMPATH\Database\BaseBuilder.php(1644): CodeIgniter\Database\BaseConnection->query('SELECT 1
FROM `comptes`
WHERE `email` = :email:
 LIMIT 1', [...], false)
 2 SYSTEMPATH\Validation\StrictRules\Rules.php(232): CodeIgniter\Database\BaseBuilder->get()
 3 SYSTEMPATH\Validation\Validation.php(339): CodeIgniter\Validation\StrictRules\Rules->is_unique('test@gmail.com', 'email', [...], null, 'email')
 4 SYSTEMPATH\Validation\Validation.php(204): CodeIgniter\Validation\Validation->processRules('email', 'email', 'test@gmail.com', [...], [...], 'email')
 5 APPPATH\Controllers\registerController.php(30): CodeIgniter\Validation\Validation->run()
 6 SYSTEMPATH\CodeIgniter.php(933): App\Controllers\RegisterController->store()
 7 SYSTEMPATH\CodeIgniter.php(509): CodeIgniter\CodeIgniter->runController(Object(App\Controllers\RegisterController))
 8 SYSTEMPATH\CodeIgniter.php(355): CodeIgniter\CodeIgniter->handleRequest(null, Object(Config\Cache), false)
 9 SYSTEMPATH\Boot.php(325): CodeIgniter\CodeIgniter->run()
10 SYSTEMPATH\Boot.php(67): CodeIgniter\Boot::runCodeIgniter(Object(CodeIgniter\CodeIgniter))
11 FCPATH\index.php(58): CodeIgniter\Boot::bootWeb(Object(Config\Paths))
CRITICAL - 2025-01-02 22:22:10 --> [Caused by] CodeIgniter\Database\Exceptions\DatabaseException: Index for table 'comptes' is corrupt; try to repair it
in SYSTEMPATH\Database\MySQLi\Connection.php on line 317.
 1 SYSTEMPATH\Database\BaseConnection.php(734): CodeIgniter\Database\MySQLi\Connection->execute('SELECT 1
FROM `comptes`
WHERE `email` = \'test@gmail.com\'
 LIMIT 1')
 2 SYSTEMPATH\Database\BaseConnection.php(648): CodeIgniter\Database\BaseConnection->simpleQuery('SELECT 1
FROM `comptes`
WHERE `email` = \'test@gmail.com\'
 LIMIT 1')
 3 SYSTEMPATH\Database\BaseBuilder.php(1644): CodeIgniter\Database\BaseConnection->query('SELECT 1
FROM `comptes`
WHERE `email` = :email:
 LIMIT 1', [...], false)
 4 SYSTEMPATH\Validation\StrictRules\Rules.php(232): CodeIgniter\Database\BaseBuilder->get()
 5 SYSTEMPATH\Validation\Validation.php(339): CodeIgniter\Validation\StrictRules\Rules->is_unique('test@gmail.com', 'email', [...], null, 'email')
 6 SYSTEMPATH\Validation\Validation.php(204): CodeIgniter\Validation\Validation->processRules('email', 'email', 'test@gmail.com', [...], [...], 'email')
 7 APPPATH\Controllers\registerController.php(30): CodeIgniter\Validation\Validation->run()
 8 SYSTEMPATH\CodeIgniter.php(933): App\Controllers\RegisterController->store()
 9 SYSTEMPATH\CodeIgniter.php(509): CodeIgniter\CodeIgniter->runController(Object(App\Controllers\RegisterController))
10 SYSTEMPATH\CodeIgniter.php(355): CodeIgniter\CodeIgniter->handleRequest(null, Object(Config\Cache), false)
11 SYSTEMPATH\Boot.php(325): CodeIgniter\CodeIgniter->run()
12 SYSTEMPATH\Boot.php(67): CodeIgniter\Boot::runCodeIgniter(Object(CodeIgniter\CodeIgniter))
13 FCPATH\index.php(58): CodeIgniter\Boot::bootWeb(Object(Config\Paths))
CRITICAL - 2025-01-02 22:22:10 --> [Caused by] mysqli_sql_exception: Index for table 'comptes' is corrupt; try to repair it
in SYSTEMPATH\Database\MySQLi\Connection.php on line 312.
 1 SYSTEMPATH\Database\MySQLi\Connection.php(312): mysqli->query('SELECT 1
FROM `comptes`
WHERE `email` = \'test@gmail.com\'
 LIMIT 1', 0)
 2 SYSTEMPATH\Database\BaseConnection.php(734): CodeIgniter\Database\MySQLi\Connection->execute('SELECT 1
FROM `comptes`
WHERE `email` = \'test@gmail.com\'
 LIMIT 1')
 3 SYSTEMPATH\Database\BaseConnection.php(648): CodeIgniter\Database\BaseConnection->simpleQuery('SELECT 1
FROM `comptes`
WHERE `email` = \'test@gmail.com\'
 LIMIT 1')
 4 SYSTEMPATH\Database\BaseBuilder.php(1644): CodeIgniter\Database\BaseConnection->query('SELECT 1
FROM `comptes`
WHERE `email` = :email:
 LIMIT 1', [...], false)
 5 SYSTEMPATH\Validation\StrictRules\Rules.php(232): CodeIgniter\Database\BaseBuilder->get()
 6 SYSTEMPATH\Validation\Validation.php(339): CodeIgniter\Validation\StrictRules\Rules->is_unique('test@gmail.com', 'email', [...], null, 'email')
 7 SYSTEMPATH\Validation\Validation.php(204): CodeIgniter\Validation\Validation->processRules('email', 'email', 'test@gmail.com', [...], [...], 'email')
 8 APPPATH\Controllers\registerController.php(30): CodeIgniter\Validation\Validation->run()
 9 SYSTEMPATH\CodeIgniter.php(933): App\Controllers\RegisterController->store()
10 SYSTEMPATH\CodeIgniter.php(509): CodeIgniter\CodeIgniter->runController(Object(App\Controllers\RegisterController))
11 SYSTEMPATH\CodeIgniter.php(355): CodeIgniter\CodeIgniter->handleRequest(null, Object(Config\Cache), false)
12 SYSTEMPATH\Boot.php(325): CodeIgniter\CodeIgniter->run()
13 SYSTEMPATH\Boot.php(67): CodeIgniter\Boot::runCodeIgniter(Object(CodeIgniter\CodeIgniter))
14 FCPATH\index.php(58): CodeIgniter\Boot::bootWeb(Object(Config\Paths))
