INFO - 2025-01-14 16:14:41 --> Session: Class initialized using 'CodeIgniter\Session\Handlers\FileHandler' driver.
INFO - 2025-01-14 16:15:30 --> Session: Class initialized using 'CodeIgniter\Session\Handlers\FileHandler' driver.
INFO - 2025-01-14 16:15:30 --> Session: Class initialized using 'CodeIgniter\Session\Handlers\FileHandler' driver.
INFO - 2025-01-14 16:15:39 --> Session: Class initialized using 'CodeIgniter\Session\Handlers\FileHandler' driver.
INFO - 2025-01-14 16:19:05 --> Session: Class initialized using 'CodeIgniter\Session\Handlers\FileHandler' driver.
INFO - 2025-01-14 16:19:11 --> Session: Class initialized using 'CodeIgniter\Session\Handlers\FileHandler' driver.
INFO - 2025-01-14 16:19:31 --> Session: Class initialized using 'CodeIgniter\Session\Handlers\FileHandler' driver.
INFO - 2025-01-14 16:19:33 --> Session: Class initialized using 'CodeIgniter\Session\Handlers\FileHandler' driver.
INFO - 2025-01-14 16:20:03 --> Session: Class initialized using 'CodeIgniter\Session\Handlers\FileHandler' driver.
INFO - 2025-01-14 16:20:05 --> Session: Class initialized using 'CodeIgniter\Session\Handlers\FileHandler' driver.
INFO - 2025-01-14 16:20:19 --> Session: Class initialized using 'CodeIgniter\Session\Handlers\FileHandler' driver.
INFO - 2025-01-14 16:24:12 --> Session: Class initialized using 'CodeIgniter\Session\Handlers\FileHandler' driver.
INFO - 2025-01-14 16:24:19 --> Session: Class initialized using 'CodeIgniter\Session\Handlers\FileHandler' driver.
DEBUG - 2025-01-14 16:24:19 --> Editing Compte: Array
(
    [compte_id] => 37
    [first_name] => simo
    [last_name] => adly
    [email] => simo@example.com
    [password] => $2y$10$c99fh3LGv.i.eQWXwpACju.9TG7Vl.Cj7rhA67Zaj94nJTZlvCUuu
    [phone_number] => 0606589879
    [etat] => accepted
    [user_id] => 37
    [role_id] => 1
    [created_at] => 2025-01-11 20:47:24
    [updated_at] => 2025-01-11 21:23:10
    [role_type] => etd
)

INFO - 2025-01-14 16:27:19 --> Session: Class initialized using 'CodeIgniter\Session\Handlers\FileHandler' driver.
INFO - 2025-01-14 16:27:24 --> Session: Class initialized using 'CodeIgniter\Session\Handlers\FileHandler' driver.
INFO - 2025-01-14 16:27:27 --> Session: Class initialized using 'CodeIgniter\Session\Handlers\FileHandler' driver.
DEBUG - 2025-01-14 16:27:27 --> Editing Compte: Array
(
    [compte_id] => 37
    [first_name] => simo
    [last_name] => adly
    [email] => simo@example.com
    [password] => $2y$10$c99fh3LGv.i.eQWXwpACju.9TG7Vl.Cj7rhA67Zaj94nJTZlvCUuu
    [phone_number] => 0606589879
    [etat] => accepted
    [user_id] => 37
    [role_id] => 1
    [created_at] => 2025-01-11 20:47:24
    [updated_at] => 2025-01-11 21:23:10
    [role_type] => etd
)

INFO - 2025-01-14 16:27:29 --> Session: Class initialized using 'CodeIgniter\Session\Handlers\FileHandler' driver.
